Using pre-set license
Built from '2020.3/staging' branch; Version is '2020.3.9f1 (108be757e447) revision 1084391'; Using compiler version '192528614'; Build Type 'Release'
OS: 'Windows 10 Home Single Language; OS build 19042.1110; Version 2009; 64bit' Language: 'en' Physical Memory: 12153 MB
BatchMode: 1, IsHumanControllingUs: 0, StartBugReporterOnCrash: 0, Is64bit: 1, IsPro: 0

 COMMAND LINE ARGUMENTS:
D:\DownloadedApplications\Unity\2020.3.9f1\Editor\Unity.exe
-adb2
-batchMode
-noUpm
-name
AssetImportWorker0
-projectPath
D:/Documents/UnityProjects/s12_gamejam1
-logFile
Logs/AssetImportWorker0.log
-srvPort
65014
Successfully changed project path to: D:/Documents/UnityProjects/s12_gamejam1
D:/Documents/UnityProjects/s12_gamejam1
Using Asset Import Pipeline V2.
Refreshing native plugins compatible for Editor in 48.29 ms, found 0 plugins.
Preloading 0 native plugins for Editor in 0.00 ms.
Initialize engine version: 2020.3.9f1 (108be757e447)
[Subsystems] Discovering subsystems at path D:/DownloadedApplications/Unity/2020.3.9f1/Editor/Data/Resources/UnitySubsystems
[Subsystems] Discovering subsystems at path D:/Documents/UnityProjects/s12_gamejam1/Assets
GfxDevice: creating device client; threaded=0
Direct3D:
    Version:  Direct3D 11.0 [level 11.1]
    Renderer: NVIDIA GeForce GTX 1050 Ti (ID=0x1c8c)
    Vendor:   
    VRAM:     4021 MB
    Driver:   30.0.14.7111
Shader 'Universal Render Pipeline/Particles/Lit': fallback shader 'Universal Render Pipeline/Particles/SimpleLit' not found
Initialize mono
Mono path[0] = 'D:/DownloadedApplications/Unity/2020.3.9f1/Editor/Data/Managed'
Mono path[1] = 'D:/DownloadedApplications/Unity/2020.3.9f1/Editor/Data/MonoBleedingEdge/lib/mono/unityjit'
Mono config path = 'D:/DownloadedApplications/Unity/2020.3.9f1/Editor/Data/MonoBleedingEdge/etc'
Using monoOptions --debugger-agent=transport=dt_socket,embedding=1,server=y,suspend=n,address=127.0.0.1:56636
Begin MonoManager ReloadAssembly
Registering precompiled unity dll's ...
Register platform support module: D:/DownloadedApplications/Unity/2020.3.9f1/Editor/Data/PlaybackEngines/WindowsStandaloneSupport/UnityEditor.WindowsStandalone.Extensions.dll
Registered in 0.001229 seconds.
Native extension for WindowsStandalone target not found
Refreshing native plugins compatible for Editor in 48.40 ms, found 0 plugins.
Preloading 0 native plugins for Editor in 0.00 ms.
Mono: successfully reloaded assembly
- Completed reload, in  1.766 seconds
Platform modules already initialized, skipping
Registering precompiled user dll's ...
Registered in 0.001364 seconds.
Begin MonoManager ReloadAssembly
Native extension for WindowsStandalone target not found
Refreshing native plugins compatible for Editor in 51.13 ms, found 0 plugins.
Preloading 0 native plugins for Editor in 0.00 ms.
Mono: successfully reloaded assembly
- Completed reload, in  1.127 seconds
Platform modules already initialized, skipping
========================================================================
Worker process is ready to serve import requests
Shader 'Universal Render Pipeline/Particles/Lit': fallback shader 'Universal Render Pipeline/Particles/SimpleLit' not found
Launched and connected shader compiler UnityShaderCompiler.exe after 0.17 seconds
Refreshing native plugins compatible for Editor in 0.51 ms, found 0 plugins.
Preloading 0 native plugins for Editor in 0.00 ms.
Unloading 2650 Unused Serialized files (Serialized files now loaded: 0)
System memory in use before: 209.5 MB.
System memory in use after: 209.7 MB.

Unloading 11 unused Assets to reduce memory usage. Loaded Objects now: 3112.
Total: 2.629200 ms (FindLiveObjects: 0.275700 ms CreateObjectMapping: 0.105100 ms MarkObjects: 2.097100 ms  DeleteObjects: 0.149800 ms)

========================================================================
Received Import Request.
  path: Assets/Scenes/Tutorial_UI.unity
  artifactKey: Guid(697a448956d06d948931e038b77724cd) Importer(815301076,1909f56bfc062723c751e8b465ee728b)
Start importing Assets/Scenes/Tutorial_UI.unity using Guid(697a448956d06d948931e038b77724cd) Importer(815301076,1909f56bfc062723c751e8b465ee728b)  -> (artifact id: '7382c8077b6efbe7f21523282999a577') in 0.190611 seconds
  Import took 0.283541 seconds .

========================================================================
Received Import Request.
  Time since last request: 12.544194 seconds.
  path: Assets/Scenes/Credits_UI.unity
  artifactKey: Guid(39b1fdca3f1d2d14a9e01f665b644065) Importer(815301076,1909f56bfc062723c751e8b465ee728b)
Start importing Assets/Scenes/Credits_UI.unity using Guid(39b1fdca3f1d2d14a9e01f665b644065) Importer(815301076,1909f56bfc062723c751e8b465ee728b)  -> (artifact id: 'f27a75ac385e0bb00335d12be01a5a1c') in 0.011118 seconds
  Import took 0.117312 seconds .

========================================================================
Received Import Request.
  Time since last request: 194.085210 seconds.
  path: Assets/Scenes/MainGame.unity
  artifactKey: Guid(9fc0d4010bbf28b4594072e72b8655ab) Importer(815301076,1909f56bfc062723c751e8b465ee728b)
Start importing Assets/Scenes/MainGame.unity using Guid(9fc0d4010bbf28b4594072e72b8655ab) Importer(815301076,1909f56bfc062723c751e8b465ee728b)  -> (artifact id: '26b870d41ac91ef04c020886be46e02c') in 0.012230 seconds
  Import took 0.125208 seconds .

========================================================================
Received Import Request.
  Time since last request: 373.407303 seconds.
  path: Assets/UI Assets/start_button 1.png
  artifactKey: Guid(d1f7613f16dd5eb4bb948d463e6c2b60) Importer(815301076,1909f56bfc062723c751e8b465ee728b)
Start importing Assets/UI Assets/start_button 1.png using Guid(d1f7613f16dd5eb4bb948d463e6c2b60) Importer(815301076,1909f56bfc062723c751e8b465ee728b)  -> (artifact id: '5bb6503241ea76bc3bdc63ccb64f5b93') in 0.152859 seconds
  Import took 0.212524 seconds .

========================================================================
Received Import Request.
  Time since last request: 8.390831 seconds.
  path: Assets/UI Assets/start_button 1.png
  artifactKey: Guid(d1f7613f16dd5eb4bb948d463e6c2b60) Importer(815301076,1909f56bfc062723c751e8b465ee728b)
Start importing Assets/UI Assets/start_button 1.png using Guid(d1f7613f16dd5eb4bb948d463e6c2b60) Importer(815301076,1909f56bfc062723c751e8b465ee728b)  -> (artifact id: '3670c3efcf5fd54f635672205c6240f6') in 0.083183 seconds
  Import took 0.178342 seconds .

========================================================================
Received Import Request.
  Time since last request: 123.694507 seconds.
  path: Assets/Scenes/Title_UI.unity
  artifactKey: Guid(6aea72649db485049bf484ec9047d7bc) Importer(815301076,1909f56bfc062723c751e8b465ee728b)
Start importing Assets/Scenes/Title_UI.unity using Guid(6aea72649db485049bf484ec9047d7bc) Importer(815301076,1909f56bfc062723c751e8b465ee728b)  -> (artifact id: '3a44bf76565a5bb75a74e2841b22ff96') in 0.040588 seconds
  Import took 0.095713 seconds .

========================================================================
Received Import Request.
  Time since last request: 32.652828 seconds.
  path: Assets/Scripts/NewBehaviourScript.cs
  artifactKey: Guid(565f188ebaf8f2849b4f535e477edb54) Importer(815301076,1909f56bfc062723c751e8b465ee728b)
Start importing Assets/Scripts/NewBehaviourScript.cs using Guid(565f188ebaf8f2849b4f535e477edb54) Importer(815301076,1909f56bfc062723c751e8b465ee728b)  -> (artifact id: 'c3fa8f97f262bad37bdc519a871b25d1') in 0.026732 seconds
  Import took 0.110450 seconds .

========================================================================
Received Prepare
Registering precompiled user dll's ...
Registered in 0.001484 seconds.
Begin MonoManager ReloadAssembly
Native extension for WindowsStandalone target not found
Refreshing native plugins compatible for Editor in 0.45 ms, found 0 plugins.
Preloading 0 native plugins for Editor in 0.00 ms.
Mono: successfully reloaded assembly
- Completed reload, in  1.122 seconds
Platform modules already initialized, skipping
Shader 'Universal Render Pipeline/Particles/Lit': fallback shader 'Universal Render Pipeline/Particles/SimpleLit' not found
Refreshing native plugins compatible for Editor in 0.49 ms, found 0 plugins.
Preloading 0 native plugins for Editor in 0.00 ms.
Unloading 2553 Unused Serialized files (Serialized files now loaded: 0)
System memory in use before: 203.4 MB.
System memory in use after: 203.6 MB.

Unloading 6 unused Assets to reduce memory usage. Loaded Objects now: 3122.
Total: 2.708100 ms (FindLiveObjects: 0.286700 ms CreateObjectMapping: 0.115900 ms MarkObjects: 2.229300 ms  DeleteObjects: 0.074900 ms)

========================================================================
Received Prepare
Registering precompiled user dll's ...
Registered in 0.001474 seconds.
Begin MonoManager ReloadAssembly
Native extension for WindowsStandalone target not found
Refreshing native plugins compatible for Editor in 0.45 ms, found 0 plugins.
Preloading 0 native plugins for Editor in 0.00 ms.
Mono: successfully reloaded assembly
- Completed reload, in  1.119 seconds
Platform modules already initialized, skipping
Shader 'Universal Render Pipeline/Particles/Lit': fallback shader 'Universal Render Pipeline/Particles/SimpleLit' not found
Refreshing native plugins compatible for Editor in 0.46 ms, found 0 plugins.
Preloading 0 native plugins for Editor in 0.00 ms.
Unloading 2553 Unused Serialized files (Serialized files now loaded: 0)
System memory in use before: 203.5 MB.
System memory in use after: 203.7 MB.

Unloading 6 unused Assets to reduce memory usage. Loaded Objects now: 3125.
Total: 3.612400 ms (FindLiveObjects: 0.319100 ms CreateObjectMapping: 0.147900 ms MarkObjects: 2.971600 ms  DeleteObjects: 0.172100 ms)

========================================================================
Received Import Request.
  Time since last request: 84.313324 seconds.
  path: Assets/Scripts/StartButtonFunctionality.cs
  artifactKey: Guid(2a52fbde80f94e24380951b3de116fd0) Importer(815301076,1909f56bfc062723c751e8b465ee728b)
Start importing Assets/Scripts/StartButtonFunctionality.cs using Guid(2a52fbde80f94e24380951b3de116fd0) Importer(815301076,1909f56bfc062723c751e8b465ee728b)  -> (artifact id: 'bae68ca96dc61ae480b65bfe66e385e5') in 0.013830 seconds
  Import took 0.071297 seconds .

========================================================================
Received Prepare
Registering precompiled user dll's ...
Registered in 0.001351 seconds.
Begin MonoManager ReloadAssembly
Native extension for WindowsStandalone target not found
Refreshing native plugins compatible for Editor in 0.49 ms, found 0 plugins.
Preloading 0 native plugins for Editor in 0.00 ms.
Mono: successfully reloaded assembly
- Completed reload, in  1.073 seconds
Platform modules already initialized, skipping
Shader 'Universal Render Pipeline/Particles/Lit': fallback shader 'Universal Render Pipeline/Particles/SimpleLit' not found
Refreshing native plugins compatible for Editor in 0.57 ms, found 0 plugins.
Preloading 0 native plugins for Editor in 0.00 ms.
Unloading 2553 Unused Serialized files (Serialized files now loaded: 0)
System memory in use before: 203.5 MB.
System memory in use after: 203.7 MB.

Unloading 6 unused Assets to reduce memory usage. Loaded Objects now: 3128.
Total: 2.555300 ms (FindLiveObjects: 0.274500 ms CreateObjectMapping: 0.100400 ms MarkObjects: 2.084100 ms  DeleteObjects: 0.095200 ms)

========================================================================
Received Prepare
Shader 'Universal Render Pipeline/Particles/Lit': fallback shader 'Universal Render Pipeline/Particles/SimpleLit' not found
Refreshing native plugins compatible for Editor in 1.29 ms, found 0 plugins.
Preloading 0 native plugins for Editor in 0.00 ms.
Unloading 4 Unused Serialized files (Serialized files now loaded: 0)
System memory in use before: 153.2 MB.
System memory in use after: 153.4 MB.

Unloading 4 unused Assets to reduce memory usage. Loaded Objects now: 3128.
Total: 3.173500 ms (FindLiveObjects: 0.468900 ms CreateObjectMapping: 0.240300 ms MarkObjects: 2.364700 ms  DeleteObjects: 0.098300 ms)

AssetImportWorkerClient::OnTransportError - code=2 error=End of file
